Adding annotator tokenize
Adding annotator ssplit
Adding annotator pos
Reading POS tagger model from edu/stanford/nlp/models/pos-tagger/english-left3words/english-left3words-distsim.tagger ... done [1.8 sec].
Adding annotator lemma
Adding annotator ner
Loading classifier from edu/stanford/nlp/models/ner/english.all.3class.distsim.crf.ser.gz ... done [5.3 sec].
Loading classifier from edu/stanford/nlp/models/ner/english.muc.7class.distsim.crf.ser.gz ... done [4.5 sec].
Loading classifier from edu/stanford/nlp/models/ner/english.conll.4class.distsim.crf.ser.gz ... done [3.2 sec].
Initializing JollyDayHoliday for sutime
Reading TokensRegex rules from edu/stanford/nlp/models/sutime/defs.sutime.txt
Reading TokensRegex rules from edu/stanford/nlp/models/sutime/english.sutime.txt
May 27, 2018 7:58:16 PM edu.stanford.nlp.ling.tokensregex.CoreMapExpressionExtractor appendRules
情報: Ignoring inactive rule: temporal-composite-8:ranges
Reading TokensRegex rules from edu/stanford/nlp/models/sutime/english.holidays.sutime.txt
Adding annotator parse
Loading parser from serialized file edu/stanford/nlp/models/lexparser/englishPCFG.ser.gz ... done [3.7 sec].
Adding annotator dcoref

Processing file /Users/kamikawayuta/work/python/NLP-knocks/chapter_6/../data/nlp.txt ... writing to /Users/kamikawayuta/work/python/NLP-knocks/chapter_6/nlp.txt.xml [0.256 seconds]
Annotation pipeline timing information:
PTBTokenizerAnnotator: 0.1 sec.
WordsToSentencesAnnotator: 0.0 sec.
POSTaggerAnnotator: 0.2 sec.
MorphaAnnotator: 0.1 sec.
NERCombinerAnnotator: 3.3 sec.
ParserAnnotator: 15.6 sec.
DeterministicCorefAnnotator: 4.6 sec.
TOTAL: 24.0 sec. for 1452 tokens at 60.6 tokens/sec.
Pipeline setup: 20.1 sec.
Total time for StanfordCoreNLP pipeline: 44.4 sec.
